-------------------------------------------------------------------------------
Test set: com.booking.steps.RunCucumberTest
-------------------------------------------------------------------------------
Tests run: 12, Failures: 4, Errors: 0, Skipped: 0, Time elapsed: 7.358 s <<< FAILURE! - in com.booking.steps.RunCucumberTest
Create a booking with valid data(Booking API tests)  Time elapsed: 0.452 s  <<< FAILURE!
java.lang.AssertionError: 

Expected: <200>
     but: was <201>

Get a booking when authenticated(Booking API tests)  Time elapsed: 0.509 s  <<< FAILURE!
java.lang.AssertionError: 

Expected: <200>
     but: was <404>

Update a booking when authenticated(Booking API tests)  Time elapsed: 0.336 s  <<< FAILURE!
java.lang.AssertionError: 

Expected: <200>
     but: was <404>

Delete a booking(Booking API tests)  Time elapsed: 0.364 s  <<< FAILURE!
java.lang.AssertionError: 

Expected: <201>
     but: was <404>

