<?xml version="1.0" encoding="UTF-8"?>
<testsuite xmlns:xsi="http://www.w3.org/2001/XMLSchema-instance" xsi:noNamespaceSchemaLocation="https://maven.apache.org/surefire/maven-surefire-plugin/xsd/surefire-test-report.xsd" name="com.booking.steps.RunCucumberTest" time="7.358" tests="12" errors="0" skipped="0" failures="4">
  <properties>
[...]
</properties>
  <testcase name="Login works with correct credentials" classname="Booking API tests" time="2.805"/>
  <testcase name="Login fails with wrong password" classname="Booking API tests" time="0.221"/>
  <testcase name="Health endpoint returns UP" classname="Booking API tests" time="0.32"/>
  <testcase name="Create a booking with valid data" classname="Booking API tests" time="0.452">
    <failure message="&#10;Expected: &lt;200&gt;&#10;     but: was &lt;201&gt;" type="java.lang.AssertionError"><![CDATA[java.lang.AssertionError: 

Expected: <200>
     but: was <201>
]]></failure>
    <system-out><![CDATA[
Scenario: Create a booking with valid data # features/booking.feature:17
  When I create a valid booking            # com.booking.steps.BookingSteps.iCreateAValidBooking()
  Then the status code is 200              # com.booking.steps.BookingSteps.theStatusCodeIs(int)
      java.lang.AssertionError: 
      Expected: <200>
           but: was <201>
      	at org.hamcrest.MatcherAssert.assertThat(MatcherAssert.java:20)
      	at org.junit.Assert.assertThat(Assert.java:964)
      	at org.junit.Assert.assertThat(Assert.java:930)
      	at com.booking.steps.BookingSteps.theStatusCodeIs(BookingSteps.java:140)
      	at âœ½.the status code is 200(classpath:features/booking.feature:19)
  And the response has a bookingid         # com.booking.steps.BookingSteps.theResponseHasABookingid()
]]></system-out>
  </testcase>
  <testcase name="Create a booking with a firstname that is too short" classname="Booking API tests" time="0.098"/>
  <testcase name="Create a booking with a firstname that is too long" classname="Booking API tests" time="0.117"/>
  <testcase name="Get a booking when authenticated" classname="Booking API tests" time="0.509">
    <failure message="&#10;Expected: &lt;200&gt;&#10;     but: was &lt;404&gt;" type="java.lang.AssertionError"><![CDATA[java.lang.AssertionError: 

Expected: <200>
     but: was <404>
]]></failure>
    <system-out><![CDATA[
Scenario: Get a booking when authenticated # features/booking.feature:31
  Given I am logged in as admin            # com.booking.steps.BookingSteps.iAmLoggedInAsAdmin()
  When I create a valid booking            # com.booking.steps.BookingSteps.iCreateAValidBooking()
  And I get the booking                    # com.booking.steps.BookingSteps.iGetTheBooking()
  Then the status code is 200              # com.booking.steps.BookingSteps.theStatusCodeIs(int)
      java.lang.AssertionError: 
      Expected: <200>
           but: was <404>
      	at org.hamcrest.MatcherAssert.assertThat(MatcherAssert.java:20)
      	at org.junit.Assert.assertThat(Assert.java:964)
      	at org.junit.Assert.assertThat(Assert.java:930)
      	at com.booking.steps.BookingSteps.theStatusCodeIs(BookingSteps.java:140)
      	at âœ½.the status code is 200(classpath:features/booking.feature:35)
  And the booking has firstname "John"     # com.booking.steps.BookingSteps.theBookingHasFirstname(java.lang.String)
]]></system-out>
  </testcase>
  <testcase name="Get a booking without a token should fail" classname="Booking API tests" time="0.374"/>
  <testcase name="Update a booking when authenticated" classname="Booking API tests" time="0.336">
    <failure message="&#10;Expected: &lt;200&gt;&#10;     but: was &lt;404&gt;" type="java.lang.AssertionError"><![CDATA[java.lang.AssertionError: 

Expected: <200>
     but: was <404>
]]></failure>
    <system-out><![CDATA[
Scenario: Update a booking when authenticated # features/booking.feature:45
  Given I am logged in as admin               # com.booking.steps.BookingSteps.iAmLoggedInAsAdmin()
  When I create a valid booking               # com.booking.steps.BookingSteps.iCreateAValidBooking()
  And I update the booking                    # com.booking.steps.BookingSteps.iUpdateTheBooking()
  Then the status code is 200                 # com.booking.steps.BookingSteps.theStatusCodeIs(int)
      java.lang.AssertionError: 
      Expected: <200>
           but: was <404>
      	at org.hamcrest.MatcherAssert.assertThat(MatcherAssert.java:20)
      	at org.junit.Assert.assertThat(Assert.java:964)
      	at org.junit.Assert.assertThat(Assert.java:930)
      	at com.booking.steps.BookingSteps.theStatusCodeIs(BookingSteps.java:140)
      	at âœ½.the status code is 200(classpath:features/booking.feature:49)
  And the booking has firstname "Jane"        # com.booking.steps.BookingSteps.theBookingHasFirstname(java.lang.String)
]]></system-out>
  </testcase>
  <testcase name="Update without token should fail" classname="Booking API tests" time="0.555"/>
  <testcase name="Delete a booking" classname="Booking API tests" time="0.364">
    <failure message="&#10;Expected: &lt;201&gt;&#10;     but: was &lt;404&gt;" type="java.lang.AssertionError"><![CDATA[java.lang.AssertionError: 

Expected: <201>
     but: was <404>
]]></failure>
    <system-out><![CDATA[
Scenario: Delete a booking      # features/booking.feature:58
  Given I am logged in as admin # com.booking.steps.BookingSteps.iAmLoggedInAsAdmin()
  When I create a valid booking # com.booking.steps.BookingSteps.iCreateAValidBooking()
  And I delete the booking      # com.booking.steps.BookingSteps.iDeleteTheBooking()
  Then the status code is 201   # com.booking.steps.BookingSteps.theStatusCodeIs(int)
      java.lang.AssertionError: 
      Expected: <201>
           but: was <404>
      	at org.hamcrest.MatcherAssert.assertThat(MatcherAssert.java:20)
      	at org.junit.Assert.assertThat(Assert.java:964)
      	at org.junit.Assert.assertThat(Assert.java:930)
      	at com.booking.steps.BookingSteps.theStatusCodeIs(BookingSteps.java:140)
      	at âœ½.the status code is 201(classpath:features/booking.feature:62)
]]></system-out>
  </testcase>
  <testcase name="Delete without token should fail" classname="Booking API tests" time="0.34"/>
</testsuite>